"../../../../../../Users/twosu/Documents/GitHub/frogger/Content/Frogger/Materials/M_SimpleColor.uasset" 0
"../../../../../../Users/twosu/Documents/GitHub/frogger/Content/Frogger/Materials/MI_Frog.uasset" 1
"../../../../../../Users/twosu/Documents/GitHub/frogger/Content/Frogger/Meshes/SM_Frog.uasset" 2
"../../../../../../Users/twosu/Documents/GitHub/frogger/Content/Frogger/Materials/MI_LilyPad.uasset" 3
"../../../../../../Users/twosu/Documents/GitHub/frogger/Content/Frogger/Meshes/SM_LilyPad.uasset" 4
"../../../../../../Users/twosu/Documents/GitHub/frogger/Content/Frogger/Blueprints/BP_Home.uasset" 5
"../../../../../../Users/twosu/Documents/GitHub/frogger/Content/Frogger/UI/Frogie-Regular.uasset" 6
"../../../../../../Users/twosu/Documents/GitHub/frogger/Content/Frogger/UI/Frogie-Regular_Font.uasset" 7
"../../../../../../Users/twosu/Documents/GitHub/frogger/Content/Frogger/UI/pricedown_bl.uasset" 8
"../../../../../../Users/twosu/Documents/GitHub/frogger/Content/Frogger/UI/pricedown_bl_Font.uasset" 9
"../../../../../../Users/twosu/Documents/GitHub/frogger/Content/Frogger/Materials/icons8-frog-96.uasset" 10
"../../../../../../Users/twosu/Documents/GitHub/frogger/Content/Frogger/Materials/icons8-stopwatch-96.uasset" 11
"../../../../../../Users/twosu/Documents/GitHub/frogger/Content/Frogger/UI/WBP_Main.uasset" 12
"../../../../../../Users/twosu/Documents/GitHub/frogger/Content/Frogger/Blueprints/FroggerGameState.uasset" 13
"../../../Engine/Content/EditorBlueprintResources/StandardMacros.uasset" 14
"../../../../../../Users/twosu/Documents/GitHub/frogger/Content/Frogger/Blueprints/BP_PowerUp.uasset" 15
"../../../Engine/Content/Functions/Engine_MaterialFunctions02/HueShift.uasset" 16
"../../../../../../Users/twosu/Documents/GitHub/frogger/Content/Frogger/Materials/M_Bubble.uasset" 17
"../../../Engine/Content/Functions/Engine_MaterialFunctions01/Opacity/CameraDepthFade.uasset" 18
"../../../Engine/Content/EngineMaterials/T_Default_Material_Grid_M.uasset" 19
"../../../Engine/Content/EngineMaterials/T_Default_Material_Grid_N.uasset" 20
"../../../Engine/Content/EngineMaterials/WorldGridMaterial.uasset" 21
"../../../../../../Users/twosu/Documents/GitHub/frogger/Content/Frogger/Meshes/SM_Sphere.uasset" 22
"../../../../../../Users/twosu/Documents/GitHub/frogger/Content/Frogger/Blueprints/BP_Powerup_Bubble.uasset" 23
"../../../../../../Users/twosu/Documents/GitHub/frogger/Content/Frogger/Materials/MI_Gold.uasset" 24
"../../../../../../Users/twosu/Documents/GitHub/frogger/Content/Frogger/Meshes/SM_Star.uasset" 25
"../../../../../../Users/twosu/Documents/GitHub/frogger/Content/Frogger/Blueprints/BP_Powerup_Slow.uasset" 26
"../../../../../../Users/twosu/Documents/GitHub/frogger/Content/Mannequin/Character/Mesh/SK_Mannequin_Skeleton.uasset" 27
"../../../../../../Users/twosu/Documents/GitHub/frogger/Content/Mannequin/Animations/ThirdPersonJump_End.uasset" 28
"../../../../../../Users/twosu/Documents/GitHub/frogger/Content/Mannequin/Animations/ThirdPersonJump_Loop.uasset" 29
"../../../../../../Users/twosu/Documents/GitHub/frogger/Content/Mannequin/Animations/ThirdPersonJump_Start.uasset" 30
"../../../../../../Users/twosu/Documents/GitHub/frogger/Content/Mannequin/Animations/ThirdPersonIdle.uasset" 31
"../../../../../../Users/twosu/Documents/GitHub/frogger/Content/Mannequin/Animations/ThirdPersonRun.uasset" 32
"../../../../../../Users/twosu/Documents/GitHub/frogger/Content/Mannequin/Animations/ThirdPersonWalk.uasset" 33
"../../../../../../Users/twosu/Documents/GitHub/frogger/Content/Mannequin/Animations/ThirdPerson_IdleRun_2D.uasset" 34
"../../../../../../Users/twosu/Documents/GitHub/frogger/Content/Mannequin/Animations/ThirdPerson_AnimBP.uasset" 35
"../../../../../../Users/twosu/Documents/GitHub/frogger/Content/Frogger/Blueprints/BP_Fart.uasset" 36
"../../../../../../Users/twosu/Documents/GitHub/frogger/Content/Frogger/Materials/M_Water.uasset" 37
"../../../Engine/Content/BasicShapes/Cube.uasset" 38
"../../../../../../Users/twosu/Documents/GitHub/frogger/Content/Frogger/Blueprints/BP_Water.uasset" 39
"../../../../../../Users/twosu/Documents/GitHub/frogger/Content/Frogger/Blueprints/ECauseOfDeath.uasset" 40
"../../../../../../Users/twosu/Documents/GitHub/frogger/Content/Frogger/Sounds/boing.uasset" 41
"../../../../../../Users/twosu/Documents/GitHub/frogger/Content/Frogger/Sounds/fart.uasset" 42
"../../../../../../Users/twosu/Documents/GitHub/frogger/Content/Frogger/Sounds/SW_Bang.uasset" 43
"../../../../../../Users/twosu/Documents/GitHub/frogger/Content/Frogger/Sounds/SW_Bubbles.uasset" 44
"../../../Engine/Content/Functions/Engine_MaterialFunctions02/Utility/BlendAngleCorrectedNormals.uasset" 45
"../../../Engine/Content/Functions/MaterialLayerFunctions/MatLayerBlend_NormalBlend.uasset" 46
"../../../Engine/Content/Functions/MaterialLayerFunctions/MatLayerBlend_Simple.uasset" 47
"../../../../../../Users/twosu/Documents/GitHub/frogger/Content/Mannequin/Character/Materials/MaterialLayers/T_ML_Rubber_Blue_01_D.uasset" 48
"../../../../../../Users/twosu/Documents/GitHub/frogger/Content/Mannequin/Character/Materials/MaterialLayers/T_ML_Rubber_Blue_01_N.uasset" 49
"../../../../../../Users/twosu/Documents/GitHub/frogger/Content/Mannequin/Character/Materials/MaterialLayers/ML_GlossyBlack_Latex_UE4.uasset" 50
"../../../../../../Users/twosu/Documents/GitHub/frogger/Content/Mannequin/Character/Materials/MaterialLayers/ML_Plastic_Shiny_Beige.uasset" 51
"../../../../../../Users/twosu/Documents/GitHub/frogger/Content/Mannequin/Character/Textures/UE4_LOGO_CARD.uasset" 52
"../../../../../../Users/twosu/Documents/GitHub/frogger/Content/Mannequin/Character/Materials/MaterialLayers/ML_Plastic_Shiny_Beige_LOGO.uasset" 53
"../../../../../../Users/twosu/Documents/GitHub/frogger/Content/Mannequin/Character/Materials/MaterialLayers/T_ML_Aluminum01.uasset" 54
"../../../../../../Users/twosu/Documents/GitHub/frogger/Content/Mannequin/Character/Materials/MaterialLayers/T_ML_Aluminum01_N.uasset" 55
"../../../../../../Users/twosu/Documents/GitHub/frogger/Content/Mannequin/Character/Materials/MaterialLayers/ML_SoftMetal_UE4.uasset" 56
"../../../../../../Users/twosu/Documents/GitHub/frogger/Content/Mannequin/Character/Textures/T_UE4_Mannequin_Mobile_M.uasset" 57
"../../../../../../Users/twosu/Documents/GitHub/frogger/Content/Mannequin/Character/Textures/T_UE4_Mannequin_Mobile_N.uasset" 58
"../../../../../../Users/twosu/Documents/GitHub/frogger/Content/Mannequin/Character/Materials/M_UE4Man_Body.uasset" 59
"../../../../../../Users/twosu/Documents/GitHub/frogger/Content/Mannequin/Character/Textures/UE4Man_Logo_N.uasset" 60
"../../../../../../Users/twosu/Documents/GitHub/frogger/Content/Mannequin/Character/Materials/M_UE4Man_ChestLogo.uasset" 61
"../../../../../../Users/twosu/Documents/GitHub/frogger/Content/Mannequin/Character/Mesh/SK_Mannequin.uasset" 62
"../../../../../../Users/twosu/Documents/GitHub/frogger/Content/Frogger/Blueprints/BP_ThirdPersonFrog.uasset" 63
"../../../../../../Users/twosu/Documents/GitHub/frogger/Content/Frogger/Materials/MI_Car.uasset" 64
"../../../../../../Users/twosu/Documents/GitHub/frogger/Content/Frogger/Materials/MI_Tires.uasset" 65
"../../../Engine/Content/EngineMaterials/DefaultMaterial.uasset" 66
"../../../Engine/Content/BasicShapes/Cylinder.uasset" 67
"../../../../../../Users/twosu/Documents/GitHub/frogger/Content/Frogger/Sounds/SW_Honk.uasset" 68
"../../../../../../Users/twosu/Documents/GitHub/frogger/Content/Frogger/Sounds/SW_HonkHonk.uasset" 69
"../../../../../../Users/twosu/Documents/GitHub/frogger/Content/Frogger/Blueprints/BP_Car.uasset" 70
"../../../../../../Users/twosu/Documents/GitHub/frogger/Content/Frogger/Materials/MI_Log.uasset" 71
"../../../../../../Users/twosu/Documents/GitHub/frogger/Content/Frogger/Blueprints/BP_Log.uasset" 72
"../../../../../../Users/twosu/Documents/GitHub/frogger/Content/Frogger/Sounds/SW_Ribbit.uasset" 73
"../../../../../../Users/twosu/Documents/GitHub/frogger/Content/Frogger/Sounds/SW_Splash.uasset" 74
"../../../../../../Users/twosu/Documents/GitHub/frogger/Content/Frogger/Sounds/SW_Splat.uasset" 75
"../../../../../../Users/twosu/Documents/GitHub/frogger/Content/Frogger/Blueprints/FroggerGameMode.uasset" 76
"../../../../../../Users/twosu/Documents/GitHub/frogger/Content/Frogger/Blueprints/BP_Movable.uasset" 77
"../../../../../../Users/twosu/Documents/GitHub/frogger/Content/Frogger/Materials/MI_Turtle.uasset" 78
"../../../../../../Users/twosu/Documents/GitHub/frogger/Content/Frogger/Meshes/SM_TurtleBottom.uasset" 79
"../../../../../../Users/twosu/Documents/GitHub/frogger/Content/Frogger/Meshes/SM_TurtleShell.uasset" 80
"../../../../../../Users/twosu/Documents/GitHub/frogger/Content/Frogger/Blueprints/BP_TurtleChain.uasset" 81
"../../../../../../Users/twosu/Documents/GitHub/frogger/Content/Frogger/Blueprints/BP_Turtle.uasset" 82
"../../../../../../Users/twosu/Documents/GitHub/frogger/Content/Frogger/Materials/M_ShiningGold.uasset" 83
"../../../../../../Users/twosu/Documents/GitHub/frogger/Content/Frogger/Sounds/SW_FrogSong.uasset" 84
"../../../../../../Users/twosu/Documents/GitHub/frogger/Content/Frogger/Sounds/08_-_buffy_-_old_fashion_-_frog_song.uasset" 85
"../../../../../../Users/twosu/Documents/GitHub/frogger/Content/Frogger/UI/WBP_Pause.uasset" 86
"../../../../../../Users/twosu/Documents/GitHub/frogger/Content/Mannequin/Animations/ThirdPerson_Jump.uasset" 87
"../../../../../../Users/twosu/Documents/GitHub/frogger/Content/Mannequin/Character/Mesh/SK_Mannequin_PhysicsAsset.uasset" 88
"../../../../../../Users/twosu/Documents/GitHub/frogger/Content/ThirdPersonBP/ThirdPersonOverview.uasset" 89
"../../../../../../Users/twosu/Documents/GitHub/frogger/Content/ThirdPersonBP/Blueprints/ThirdPersonCharacter.uasset" 90
"../../../../../../Users/twosu/Documents/GitHub/frogger/Content/ThirdPersonBP/Blueprints/ThirdPersonGameMode.uasset" 91
"../../../Engine/Content/Animation/DefaultAnimCurveCompressionSettings.uasset" 92
"../../../Engine/Content/ArtTools/RenderToTexture/Meshes/S_1_Unit_Plane.uasset" 93
"../../../Engine/Content/BasicShapes/Cone.uasset" 94
"../../../Engine/Content/BasicShapes/Sphere.uasset" 95
"../../../Engine/Content/EditorLandscapeResources/DataLayer.uasset" 96
"../../../Engine/Content/EditorMaterials/GizmoMaterial.uasset" 97
"../../../Engine/Content/EditorMaterials/MAT_Groups_Toggle.uasset" 98
"../../../Engine/Content/EditorMaterials/MAT_Groups_Visibility.uasset" 99
"../../../Engine/Content/EditorMaterials/PreviewShadowIndicator.uasset" 100
"../../../Engine/Content/EditorMaterials/PreviewShadowIndicatorMaterial.uasset" 101
"../../../Engine/Content/EditorMaterials/MatineeGroups/MAT_ColorTrack.uasset" 102
"../../../Engine/Content/EditorMaterials/MatineeGroups/MAT_Groups_Anim.uasset" 103
"../../../Engine/Content/EditorMaterials/MatineeGroups/MAT_Groups_AudioMaster.uasset" 104
"../../../Engine/Content/EditorMaterials/MatineeGroups/MAT_Groups_Director.uasset" 105
"../../../Engine/Content/EditorMaterials/MatineeGroups/MAT_Groups_Event.uasset" 106
"../../../Engine/Content/EditorMaterials/MatineeGroups/MAT_Groups_Fade.uasset" 107
"../../../Engine/Content/EditorMaterials/MatineeGroups/MAT_Groups_Float.uasset" 108
"../../../Engine/Content/EditorMaterials/MatineeGroups/MAT_Groups_Move.uasset" 109
"../../../Engine/Content/EditorMaterials/MatineeGroups/MAT_Groups_Slomo.uasset" 110
"../../../Engine/Content/EditorMaterials/MatineeGroups/MAT_Groups_Sound.uasset" 111
"../../../Engine/Content/EditorMaterials/MatineeGroups/MAT_Groups_Vector.uasset" 112
"../../../Engine/Content/EditorMaterials/ParticleSystems/PSysThumbnail_NoImage.uasset" 113
"../../../Engine/Content/EditorMaterials/ParticleSystems/PSysThumbnail_OOD.uasset" 114
"../../../Engine/Content/EditorMaterials/Camera/CineMat.uasset" 115
"../../../Engine/Content/EditorMaterials/Camera/MI_CineMat_Rig.uasset" 116
"../../../Engine/Content/EditorMeshes/Camera/SM_CraneRig_Arm.uasset" 117
"../../../Engine/Content/EditorMeshes/Camera/SM_CraneRig_Base.uasset" 118
"../../../Engine/Content/EditorMeshes/Camera/SM_CraneRig_Body.uasset" 119
"../../../Engine/Content/EditorMeshes/Camera/SM_CraneRig_Mount.uasset" 120
"../../../Engine/Content/EditorMeshes/Camera/SM_RailRig_Mount.uasset" 121
"../../../Engine/Content/EditorMeshes/Camera/SM_RailRig_Track.uasset" 122
"../../../Engine/Content/EditorResources/BSPVertex.uasset" 123
"../../../Engine/Content/EditorResources/EmptyActor.uasset" 124
"../../../Engine/Content/EditorResources/S_Actor.uasset" 125
"../../../Engine/Content/EditorResources/S_Note.uasset" 126
"../../../Engine/Content/EditorResources/S_Solver.uasset" 127
"../../../Engine/Content/EditorResources/S_Trigger.uasset" 128
"../../../Engine/Content/EditorResources/AudioIcons/S_AudioComponent_AutoActivate.uasset" 129
"../../../Engine/Content/EditorResources/LightIcons/S_LightError.uasset" 130
"../../../Engine/Content/EditorResources/SequenceRecorder/Countdown.uasset" 131
"../../../Engine/Content/EditorResources/SequenceRecorder/RecordingIndicator.uasset" 132
"../../../Engine/Content/EditorSounds/Notifications/CompileFailed.uasset" 133
"../../../Engine/Content/EditorSounds/Notifications/CompileFailed_Cue.uasset" 134
"../../../Engine/Content/EditorSounds/Notifications/CompileSuccess.uasset" 135
"../../../Engine/Content/EditorSounds/Notifications/CompileStart_Cue.uasset" 136
"../../../Engine/Content/EditorSounds/Notifications/CompileSuccess_Cue.uasset" 137
"../../../Engine/Content/EngineDamageTypes/DmgTypeBP_Environmental.uasset" 138
"../../../Engine/Content/EngineDebugMaterials/HeatmapGradient.uasset" 139
"../../../Engine/Content/EngineDebugMaterials/BoneWeightMaterial.uasset" 140
"../../../Engine/Content/EngineDebugMaterials/ClothMaterial.uasset" 141
"../../../Engine/Content/EngineDebugMaterials/ClothMaterial_WF.uasset" 142
"../../../Engine/Content/EngineDebugMaterials/DebugEditorMaterial.uasset" 143
"../../../Engine/Content/EngineDebugMaterials/DebugMeshMaterial.uasset" 144
"../../../Engine/Content/EngineDebugMaterials/GeomMaterial.uasset" 145
"../../../Engine/Content/EngineDebugMaterials/M_SimpleTranslucent.uasset" 146
"../../../Engine/Content/Functions/Engine_MaterialFunctions02/Utility/CameraDirectionVector.uasset" 147
"../../../Engine/Content/EngineDebugMaterials/VolumeToRender.uasset" 148
"../../../Engine/Content/EngineDebugMaterials/M_VolumeRenderSphereTracePP.uasset" 149
"../../../Engine/Content/EngineDebugMaterials/WireframeMaterial.uasset" 150
"../../../Engine/Content/EngineFonts/Faces/RobotoBold.uasset" 151
"../../../Engine/Content/EngineFonts/Faces/RobotoBoldItalic.uasset" 152
"../../../Engine/Content/EngineFonts/Faces/RobotoItalic.uasset" 153
"../../../Engine/Content/EngineFonts/Faces/RobotoLight.uasset" 154
"../../../Engine/Content/EngineFonts/Faces/RobotoRegular.uasset" 155
"../../../Engine/Content/EngineFonts/Roboto.uasset" 156
"../../../Engine/Content/EngineMaterials/BaseFlattenDiffuseMap.uasset" 157
"../../../Engine/Content/EngineMaterials/BaseFlattenEmissiveMap.uasset" 158
"../../../Engine/Content/EngineMaterials/BaseFlattenGrayscaleMap.uasset" 159
"../../../Engine/Content/EngineMaterials/BaseFlattenNormalMap.uasset" 160
"../../../Engine/Content/EngineMaterials/BaseFlattenMaterial.uasset" 161
"../../../Engine/Content/EngineMaterials/BlueNoise.uasset" 162
"../../../Engine/Content/EngineMaterials/DefaultBloomKernel.uasset" 163
"../../../Engine/Content/EngineMaterials/DefaultBokeh.uasset" 164
"../../../Engine/Content/EngineMaterials/DefaultDiffuse.uasset" 165
"../../../Engine/Content/EngineMaterials/DefaultDeferredDecalMaterial.uasset" 166
"../../../Engine/Content/EngineMaterials/DefaultLightFunctionMaterial.uasset" 167
"../../../Engine/Content/EngineMaterials/DefaultPhysicalMaterial.uasset" 168
"../../../Engine/Content/Functions/Engine_MaterialFunctions02/Utility/BreakOutFloat2Components.uasset" 169
"../../../Engine/Content/EngineMaterials/DefaultPostProcessMaterial.uasset" 170
"../../../Engine/Content/EngineFonts/RobotoDistanceField.uasset" 171
"../../../Engine/Content/EngineMaterials/DefaultTextMaterialOpaque.uasset" 172
"../../../Engine/Content/EngineMaterials/DefaultVirtualTextureMaterial.uasset" 173
"../../../Engine/Content/EngineMaterials/DefaultWhiteGrid.uasset" 174
"../../../Engine/Content/EngineMaterials/EditorBrushMaterial.uasset" 175
"../../../Engine/Content/EngineMaterials/DefaultWhiteGrid_Low.uasset" 176
"../../../Engine/Content/EngineMaterials/EmissiveMeshMaterial.uasset" 177
"../../../Engine/Content/EngineMaterials/Good64x64TilingNoiseHighFreq.uasset" 178
"../../../Engine/Content/EngineMaterials/MiniFont.uasset" 179
"../../../Engine/Content/EngineMaterials/InvalidLightmapSettings.uasset" 180
"../../../Engine/Content/EngineMaterials/M_InvalidLightmapSettings.uasset" 181
"../../../Engine/Content/Functions/Engine_MaterialFunctions02/WorldPositionOffset/CameraOffset.uasset" 182
"../../../Engine/Content/EngineMaterials/PhAT_JointLimitMaterial.uasset" 183
"../../../Engine/Content/EngineMaterials/PreintegratedSkinBRDF.uasset" 184
"../../../Engine/Content/EngineMaterials/RemoveSurfaceMaterial.uasset" 185
"../../../Engine/Content/EngineMaterials/WeightMapPlaceholderTexture.uasset" 186
"../../../Engine/Content/EngineResources/WhiteSquareTexture.uasset" 187
"../../../Engine/Content/EngineMaterials/Widget3DPassThrough.uasset" 188
"../../../Engine/Content/EngineMaterials/Widget3DPassThrough_Masked.uasset" 189
"../../../Engine/Content/EngineMaterials/Widget3DPassThrough_Opaque.uasset" 190
"../../../Engine/Content/EngineMaterials/Widget3DPassThrough_Masked_OneSided.uasset" 191
"../../../Engine/Content/EngineMaterials/Widget3DPassThrough_Opaque_OneSided.uasset" 192
"../../../Engine/Content/EngineMaterials/Widget3DPassThrough_Translucent.uasset" 193
"../../../Engine/Content/EngineMaterials/Widget3DPassThrough_Translucent_OneSided.uasset" 194
"../../../Engine/Content/EngineMeshes/Cylinder.uasset" 195
"../../../Engine/Content/EngineMeshes/Sphere.uasset" 196
"../../../Engine/Content/EngineResources/Black.uasset" 197
"../../../Engine/Content/EngineResources/DefaultTexture.uasset" 198
"../../../Engine/Content/EngineResources/DefaultTextureCube.uasset" 199
"../../../Engine/Content/EngineResources/DefaultVolumeTexture2D.uasset" 200
"../../../Engine/Content/EngineResources/DefaultVolumeTexture.uasset" 201
"../../../Engine/Content/EngineResources/GradientTexture0.uasset" 202
"../../../Engine/Content/EngineSounds/Master.uasset" 203
"../../../Engine/Content/Functions/Engine_MaterialFunctions01/Shading/ConvertFromDiffSpec.uasset" 204
"../../../Engine/Content/Functions/Engine_MaterialFunctions01/Shading/PowerToRoughness.uasset" 205
"../../../Engine/Content/Maps/Templates/Thumbnails/Default.uasset" 206
"../../../Engine/Content/Maps/Templates/Thumbnails/VR-Basic.uasset" 207
"../../../Engine/Content/MobileResources/T_MobileControls_texture.uasset" 208
"../../../Engine/Content/MobileResources/T_MobileMenu2.uasset" 209
"../../../Engine/Content/MobileResources/HUD/AnalogHat.uasset" 210
"../../../Engine/Content/MobileResources/HUD/VirtualJoystick_Background.uasset" 211
"../../../Engine/Content/MobileResources/HUD/VirtualJoystick_Thumb.uasset" 212
"../../../Engine/Content/MobileResources/HUD/DefaultVirtualJoysticks.uasset" 213
"../../../Engine/Content/MobileResources/HUD/LeftVirtualJoystickOnly.uasset" 214
"../../../Engine/Content/MobileResources/HUD/MobileHUDButton1_off.uasset" 215
"../../../Engine/Content/MobileResources/HUD/MobileHUDButton1_on.uasset" 216
"../../../Engine/Content/MobileResources/HUD/MobileHUDButton2_off.uasset" 217
"../../../Engine/Content/MobileResources/HUD/MobileHUDButton2_on.uasset" 218
"../../../Engine/Content/MobileResources/HUD/MobileHUDButton3.uasset" 219
"../../../Engine/Content/MobileResources/HUD/MobileHUDButtonFire.uasset" 220
"../../../Engine/Content/MobileResources/HUD/MobileHUDDirectionPad.uasset" 221
"../../../Engine/Content/MobileResources/HUD/MobileHUDDirectionPad2.uasset" 222
"../../../Engine/Content/MobileResources/HUD/MobileHUDDirectionPad3.uasset" 223
"../../../Engine/Content/MobileResources/HUD/MobileHUDDirectionStick.uasset" 224
"../../../Engine/Content/MobileResources/HUD/T_Castle_ThumbstickInner.uasset" 225
"../../../Engine/Content/MobileResources/HUD/T_Castle_ThumbstickOutter.uasset" 226
"../../../Engine/Content/Tutorial/ContentIntroCurve.uasset" 227
"../../../Engine/Content/Tutorial/Basics/LevelEditorAttract.uasset" 228
"../../../Engine/Content/Tutorial/Basics/TutorialAssets/icon_tab_Levels_40x.uasset" 229
"../../../Engine/Content/Tutorial/Basics/LevelEditorOverview.uasset" 230
"../../../Engine/Content/Tutorial/BlueprintTutorials/TutorialAssets/Blueprint_64x.uasset" 231
"../../../Engine/Content/Tutorial/BlueprintTutorials/BlueprintEditorTutorial.uasset" 232
"../../../Engine/Content/VREditor/LaserPointer/VR_LaserPower_01.uasset" 233
"../../../Engine/Content/VREditor/TransformGizmo/TransformGizmoMaterial.uasset" 234
"../../../Engine/Content/VREditor/TransformGizmo/TranslucentTransformGizmoMaterial.uasset" 235
"../../../Engine/Content/VREditor/TransformGizmo/BoundingBoxCorner.uasset" 236
"../../../Engine/Content/VREditor/TransformGizmo/BoundingBoxEdge.uasset" 237
"../../../Engine/Content/VREditor/TransformGizmo/PlaneTranslationHandle.uasset" 238
"../../../Engine/Content/VREditor/TransformGizmo/Main.uasset" 239
"../../../Engine/Content/VREditor/TransformGizmo/Xray.uasset" 240
"../../../Engine/Content/VREditor/TransformGizmo/SM_Sequencer_Key.uasset" 241
"../../../Engine/Content/VREditor/TransformGizmo/SM_Sequencer_Node.uasset" 242
"../../Plugins/2D/Paper2D/Content/PlaceholderTextures/DummySpriteTexture.uasset" 243
"../../Plugins/2D/Paper2D/Content/DummySprite.uasset" 244
"../../Plugins/2D/Paper2D/Content/DefaultPaperTerrainMaterial.uasset" 245
"../../Plugins/2D/Paper2D/Content/DummySpriteTexture.uasset" 246
"../../Plugins/2D/Paper2D/Content/DefaultSpriteMaterial.uasset" 247
"../../Plugins/2D/Paper2D/Content/MaskedUnlitSpriteMaterial.uasset" 248
"../../Plugins/2D/Paper2D/Content/OpaqueUnlitSpriteMaterial.uasset" 249
"../../Plugins/Runtime/Oculus/OculusVR/Content/OculusMR_RenderTarget.uasset" 250
"../../../Engine/Content/Functions/Engine_MaterialFunctions02/Utility/BreakOutFloat4Components.uasset" 251
"../../../Engine/Content/Functions/Engine_MaterialFunctions02/Utility/MakeFloat2.uasset" 252
"../../../Engine/Content/Functions/Engine_MaterialFunctions02/Utility/MakeFloat3.uasset" 253
"../../Plugins/Runtime/Oculus/OculusVR/Content/Materials/OculusMR_ChromaKey.uasset" 254
"../../Plugins/Runtime/Oculus/OculusVR/Content/Materials/OculusMR_ChromaKey_Lit.uasset" 255
"../../Plugins/Runtime/Oculus/OculusVR/Content/Materials/OculusMR_OpaqueColoredMaterial.uasset" 256
"../../Plugins/Runtime/Oculus/OculusVR/Content/Materials/OculusMR_WhiteMaterial.uasset" 257
"../../../Engine/Content/EngineSky/C_Sky_Cloud_Color.uasset" 258
"../../../Engine/Content/EngineSky/C_Sky_Horizon_Color.uasset" 259
"../../../Engine/Content/EngineSky/C_Sky_Zenith_Color.uasset" 260
"../../../Engine/Content/EngineSky/T_Sky_Blue.uasset" 261
"../../../Engine/Content/EngineSky/T_Sky_Clouds_M.uasset" 262
"../../../Engine/Content/EngineSky/T_Sky_Stars.uasset" 263
"../../../Engine/Content/EngineSky/M_Sky_Panning_Clouds2.uasset" 264
"../../../Engine/Content/EngineSky/SM_SkySphere.uasset" 265
"../../../Engine/Content/EngineSky/BP_Sky_Sphere.uasset" 266
"../../../../../../Users/twosu/Documents/GitHub/frogger/Content/Frogger/Maps/Level1_Grid_BuiltData.uasset" 267
"../../../../../../Users/twosu/Documents/GitHub/frogger/Content/Frogger/Materials/MI_Dirt.uasset" 268
"../../../../../../Users/twosu/Documents/GitHub/frogger/Content/Frogger/Materials/MI_Hedge.uasset" 269
"../../../../../../Users/twosu/Documents/GitHub/frogger/Content/Frogger/Materials/MI_MatteBlack.uasset" 270
"../../../../../../Users/twosu/Documents/GitHub/frogger/Content/Frogger/Materials/MI_Road.uasset" 271
"../../../../../../Users/twosu/Documents/GitHub/frogger/Content/Frogger/Materials/MI_RoadLines.uasset" 272
"../../../Engine/Content/BasicShapes/Plane.uasset" 273
"../../../../../../Users/twosu/Documents/GitHub/frogger/Content/Frogger/Maps/Level1_Grid.umap" 274
"../../../../../../Users/twosu/Documents/GitHub/frogger/Content/Geometry/Meshes/CubeMaterial.uasset" 275
"../../../../../../Users/twosu/Documents/GitHub/frogger/Content/Geometry/Meshes/1M_Cube.uasset" 276
"../../../../../../Users/twosu/Documents/GitHub/frogger/Content/Geometry/Meshes/1M_Cube_Chamfer.uasset" 277
"../../../../../../Users/twosu/Documents/GitHub/frogger/Content/Geometry/Meshes/TemplateFloor.uasset" 278
"../../../../../../Users/twosu/Documents/GitHub/frogger/Content/ThirdPerson/Meshes/RampMaterial.uasset" 279
"../../../../../../Users/twosu/Documents/GitHub/frogger/Content/ThirdPerson/Meshes/Bump_StaticMesh.uasset" 280
"../../../../../../Users/twosu/Documents/GitHub/frogger/Content/ThirdPerson/Meshes/LeftArm_StaticMesh.uasset" 281
"../../../../../../Users/twosu/Documents/GitHub/frogger/Content/ThirdPerson/Meshes/Linear_Stair_StaticMesh.uasset" 282
"../../../../../../Users/twosu/Documents/GitHub/frogger/Content/ThirdPerson/Meshes/Ramp_StaticMesh.uasset" 283
"../../../../../../Users/twosu/Documents/GitHub/frogger/Content/ThirdPerson/Meshes/RightArm_StaticMesh.uasset" 284
"../../../../../../Users/twosu/Documents/GitHub/frogger/Content/ThirdPersonBP/Maps/ThirdPersonExampleMap.umap" 285
"../../../Engine/Content/Maps/Entry_BuiltData.uasset" 286
"../../../Engine/Content/Maps/Entry.umap" 287
